2024-06-06 15:36:25,487 [5] INFO OrderManagement.Services.ServiceClass.MoveNext[41] - The contents of the Library DB is retrieved
2024-06-06 15:36:35,387 [9] INFO OrderManagement.Services.ServiceClass.MoveNext[41] - The contents of the Library DB is retrieved
2024-06-06 16:18:28,831 [1] INFO Program.<Main>$[15] - Application started.
2024-06-06 16:20:27,795 [20] INFO OrderManagement.Services.ServiceClass.MoveNext[60] - The details of the book is added successfully to DB
2024-06-06 16:21:30,018 [24] INFO OrderManagement.Services.ServiceClass.MoveNext[60] - The details of the book is added successfully to DB
2024-06-06 16:22:00,049 [24] INFO OrderManagement.Services.ServiceClass.MoveNext[90] - The details of the book is deleted successfully to DB
2024-06-07 17:41:39,370 [1] INFO Program.<Main>$[15] - Application started.
2024-06-07 17:42:47,926 [17] DEBUG OrderManagement.Services.ServiceClass.MoveNext[43] - The book doesn't exist in the DB, so retrieval failed
2024-06-07 18:00:39,859 [1] INFO Program.<Main>$[15] - Application started.
2024-06-07 18:01:19,626 [7] DEBUG OrderManagement.Services.ServiceClass.MoveNext[44] - The book doesn't exist in the DB, so retrieval failed
2024-06-07 18:10:34,332 [1] INFO Program.<Main>$[15] - Application started.
2024-06-07 18:23:56,708 [15] DEBUG OrderManagement.Services.ServiceClass.MoveNext[44] - The book doesn't exist in the DB, so retrieval failed
2024-06-10 12:05:44,567 [1] INFO Program.<Main>$[15] - Application started.
2024-06-10 12:08:38,025 [1] INFO Program.<Main>$[15] - Application started.
2024-06-10 12:08:58,867 [7] DEBUG OrderManagement.Controllers.LibraryController.MoveNext[44] - The book doesn't exist in the DB, so retrieval failed
2024-06-10 12:09:41,417 [16] INFO OrderManagement.Controllers.LibraryController.MoveNext[65] - The details of the book is added successfully to DB
2024-06-10 12:09:55,868 [16] INFO OrderManagement.Controllers.LibraryController.MoveNext[99] - The details of the book is deleted successfully from DB
2024-06-10 12:10:04,883 [16] INFO OrderManagement.Controllers.LibraryController.MoveNext[30] - The contents of the Library DB is retrieved
2024-06-12 10:13:25,864 [1] INFO Program.<Main>$[15] - Application started.
2024-06-12 10:13:54,950 [7] INFO OrderManagement.Controllers.LibraryController.MoveNext[30] - The contents of the Library DB is retrieved
2024-06-12 11:53:56,832 [1] INFO Program.<Main>$[15] - Application started.
2024-06-12 12:09:20,920 [1] INFO Program.<Main>$[16] - Application started.
2024-06-12 13:30:20,926 [1] INFO Program.<Main>$[18] - Application started.
2024-06-12 13:35:37,899 [1] INFO Program.<Main>$[18] - Application started.
2024-06-12 13:39:59,414 [1] INFO Program.<Main>$[18] - Application started.
2024-06-12 13:41:32,331 [1] INFO Program.<Main>$[18] - Application started.
2024-06-12 13:41:41,829 [1] INFO Program.<Main>$[18] - Application started.
2024-06-12 13:43:35,430 [1] INFO Program.<Main>$[18] - Application started.
2024-06-12 13:43:45,645 [5] INFO OrderManagement.Controllers.LibraryController.MoveNext[32] - The contents of the Library DB is retrieved
2024-06-12 14:13:22,146 [1] INFO Program.<Main>$[18] - Application started.
2024-06-12 14:57:28,039 [1] INFO Program.<Main>$[18] - Application started.
2024-06-12 15:42:49,803 [1] INFO Program.<Main>$[18] - Application started.
2024-06-12 15:47:09,118 [1] INFO Program.<Main>$[18] - Application started.
2024-06-12 15:50:35,097 [1] INFO Program.<Main>$[18] - Application started.
2024-06-12 15:51:52,300 [1] INFO Program.<Main>$[18] - Application started.
2024-06-12 15:54:10,974 [1] INFO Program.<Main>$[18] - Application started.
