2024-06-06 15:36:25,487 [5] INFO OrderManagement.Services.ServiceClass.MoveNext[41] - The contents of the Library DB is retrieved
2024-06-06 15:36:35,387 [9] INFO OrderManagement.Services.ServiceClass.MoveNext[41] - The contents of the Library DB is retrieved
2024-06-06 16:18:28,831 [1] INFO Program.<Main>$[15] - Application started.
2024-06-06 16:20:27,795 [20] INFO OrderManagement.Services.ServiceClass.MoveNext[60] - The details of the book is added successfully to DB
2024-06-06 16:21:30,018 [24] INFO OrderManagement.Services.ServiceClass.MoveNext[60] - The details of the book is added successfully to DB
2024-06-06 16:22:00,049 [24] INFO OrderManagement.Services.ServiceClass.MoveNext[90] - The details of the book is deleted successfully to DB
2024-06-07 17:41:39,370 [1] INFO Program.<Main>$[15] - Application started.
2024-06-07 17:42:47,926 [17] DEBUG OrderManagement.Services.ServiceClass.MoveNext[43] - The book doesn't exist in the DB, so retrieval failed
2024-06-07 18:00:39,859 [1] INFO Program.<Main>$[15] - Application started.
2024-06-07 18:01:19,626 [7] DEBUG OrderManagement.Services.ServiceClass.MoveNext[44] - The book doesn't exist in the DB, so retrieval failed
2024-06-07 18:10:34,332 [1] INFO Program.<Main>$[15] - Application started.
2024-06-07 18:23:56,708 [15] DEBUG OrderManagement.Services.ServiceClass.MoveNext[44] - The book doesn't exist in the DB, so retrieval failed
2024-06-10 12:05:44,567 [1] INFO Program.<Main>$[15] - Application started.
2024-06-10 12:08:38,025 [1] INFO Program.<Main>$[15] - Application started.
2024-06-10 12:08:58,867 [7] DEBUG OrderManagement.Controllers.LibraryController.MoveNext[44] - The book doesn't exist in the DB, so retrieval failed
2024-06-10 12:09:41,417 [16] INFO OrderManagement.Controllers.LibraryController.MoveNext[65] - The details of the book is added successfully to DB
2024-06-10 12:09:55,868 [16] INFO OrderManagement.Controllers.LibraryController.MoveNext[99] - The details of the book is deleted successfully from DB
2024-06-10 12:10:04,883 [16] INFO OrderManagement.Controllers.LibraryController.MoveNext[30] - The contents of the Library DB is retrieved
2024-06-12 10:13:25,864 [1] INFO Program.<Main>$[15] - Application started.
2024-06-12 10:13:54,950 [7] INFO OrderManagement.Controllers.LibraryController.MoveNext[30] - The contents of the Library DB is retrieved
2024-06-12 11:53:56,832 [1] INFO Program.<Main>$[15] - Application started.
2024-06-12 12:09:20,920 [1] INFO Program.<Main>$[16] - Application started.
2024-06-12 13:30:20,926 [1] INFO Program.<Main>$[18] - Application started.
2024-06-12 13:35:37,899 [1] INFO Program.<Main>$[18] - Application started.
2024-06-12 13:39:59,414 [1] INFO Program.<Main>$[18] - Application started.
2024-06-12 13:41:32,331 [1] INFO Program.<Main>$[18] - Application started.
2024-06-12 13:41:41,829 [1] INFO Program.<Main>$[18] - Application started.
2024-06-12 13:43:35,430 [1] INFO Program.<Main>$[18] - Application started.
2024-06-12 13:43:45,645 [5] INFO OrderManagement.Controllers.LibraryController.MoveNext[32] - The contents of the Library DB is retrieved
2024-06-12 14:13:22,146 [1] INFO Program.<Main>$[18] - Application started.
2024-06-12 14:57:28,039 [1] INFO Program.<Main>$[18] - Application started.
2024-06-12 15:42:49,803 [1] INFO Program.<Main>$[18] - Application started.
2024-06-12 15:47:09,118 [1] INFO Program.<Main>$[18] - Application started.
2024-06-12 15:50:35,097 [1] INFO Program.<Main>$[18] - Application started.
2024-06-12 15:51:52,300 [1] INFO Program.<Main>$[18] - Application started.
2024-06-12 15:54:10,974 [1] INFO Program.<Main>$[18] - Application started.
2024-06-13 11:46:26,516 [1] INFO Program.<Main>$[18] - Application started.
2024-06-13 17:19:11,546 [1] INFO Program.<Main>$[18] - Application started.
2024-06-13 17:20:07,057 [7] INFO OrderManagement.Services.LibraryServices.MoveNext[0] - The contents of the Library DB is retrieved
2024-06-13 17:20:22,021 [15] INFO OrderManagement.Services.LibraryServices.MoveNext[0] - The contents of the Library DB is retrieved
2024-06-13 17:22:02,071 [3] INFO OrderManagement.Services.LibraryServices.MoveNext[0] - The contents of the Library DB is retrieved
2024-06-13 17:22:31,788 [10] INFO OrderManagement.Services.LibraryServices.MoveNext[0] - The contents of the Library DB is retrieved
2024-06-13 17:23:22,173 [3] INFO OrderManagement.Services.LibraryServices.MoveNext[0] - The contents of the Library DB is retrieved
2024-06-13 17:24:18,359 [25] INFO OrderManagement.Services.LibraryServices.MoveNext[0] - User with email elizabathgigi@gmail.com or username Elizabath Gigi registered successfully.
2024-06-13 17:24:58,829 [7] DEBUG OrderManagement.Services.LibraryServices.MoveNext[0] - Unable to authenticate user ElizabathGigi
2024-06-13 17:25:16,622 [5] INFO OrderManagement.Services.LibraryServices.MoveNext[0] - User with username Elizabath Gigi login successfully.
2024-06-13 17:26:08,462 [28] INFO OrderManagement.Services.LibraryServices.MoveNext[0] - User with username Elizabath Gigi reset password successfully.
2024-06-13 17:29:04,037 [32] INFO OrderManagement.Services.LibraryServices.MoveNext[0] - The contents of the User DB is retrieved
2024-06-13 17:31:39,103 [31] INFO OrderManagement.Services.LibraryServices.MoveNext[0] - The contents of the User DB is retrieved
2024-06-13 17:33:45,067 [1] INFO Program.<Main>$[18] - Application started.
2024-06-13 17:47:11,459 [1] INFO Program.<Main>$[18] - Application started.
2024-06-13 17:47:32,189 [7] DEBUG OrderManagement.Services.LibraryServices.MoveNext[29] - The user DB is null
2024-06-13 17:47:32,219 [7] INFO OrderManagement.Services.LibraryServices.MoveNext[31] - The contents of the User DB is retrieved
2024-06-13 17:47:40,139 [5] DEBUG OrderManagement.Services.LibraryServices.MoveNext[29] - The user DB is null
2024-06-13 17:47:40,140 [5] INFO OrderManagement.Services.LibraryServices.MoveNext[31] - The contents of the User DB is retrieved
2024-06-13 17:47:50,735 [5] DEBUG OrderManagement.Services.LibraryServices.MoveNext[45] - The library DB is null
2024-06-13 17:47:50,736 [5] INFO OrderManagement.Services.LibraryServices.MoveNext[47] - The contents of the Library DB is retrieved
2024-06-13 17:49:25,160 [1] INFO Program.<Main>$[18] - Application started.
2024-06-13 17:49:35,446 [9] DEBUG OrderManagement.Services.LibraryServices.MoveNext[29] - The user DB is null
2024-06-13 17:49:35,450 [9] INFO OrderManagement.Services.LibraryServices.MoveNext[31] - The contents of the User DB is retrieved
2024-06-13 17:50:20,704 [18] DEBUG OrderManagement.Services.LibraryServices.MoveNext[72] - Unable to authenticate user string
2024-06-13 17:56:33,915 [15] DEBUG OrderManagement.Services.LibraryServices.MoveNext[29] - The user DB is null
2024-06-13 17:56:33,916 [15] INFO OrderManagement.Services.LibraryServices.MoveNext[31] - The contents of the User DB is retrieved
2024-06-13 18:12:24,085 [24] INFO OrderManagement.Services.LibraryServices.MoveNext[62] - User with email eliza@gmail.com or username El  registered successfully.
2024-06-13 18:12:38,365 [27] DEBUG OrderManagement.Services.LibraryServices.MoveNext[48] - User with email eliza@gmail.com or username El  already exists.
2024-06-13 18:14:43,072 [25] DEBUG OrderManagement.Services.LibraryServices.MoveNext[0] - User with email eliza@gmail.com or username El  already exists.
2024-06-13 18:20:26,146 [1] INFO Program.<Main>$[18] - Application started.
2024-06-13 18:21:52,936 [9] DEBUG OrderManagement.Services.LibraryServices.MoveNext[56] - The book doesn't exist in the DB, so retrieval failed
2024-06-13 18:55:18,808 [1] INFO Program.<Main>$[18] - Application started.
2024-06-13 18:59:04,834 [1] INFO Program.<Main>$[18] - Application started.
2024-06-14 11:31:40,019 [1] INFO Program.<Main>$[18] - Application started.
2024-06-14 11:32:47,588 [5] INFO OrderManagement.Services.LibraryServices.MoveNext[49] - The details of the book is added successfully to DB
2024-06-14 11:33:37,773 [9] DEBUG OrderManagement.Services.LibraryServices.MoveNext[37] - The book doesn't exist in the DB, so retrieval failed
2024-06-14 11:34:00,853 [5] DEBUG OrderManagement.Services.LibraryServices.MoveNext[27] - The user DB is null
2024-06-14 11:34:00,920 [5] INFO OrderManagement.Services.LibraryServices.MoveNext[29] - The contents of the User DB is retrieved
2024-06-14 15:15:39,842 [106] DEBUG OrderManagement.Services.LibraryServices.MoveNext[27] - The user DB is null
2024-06-14 15:15:39,844 [106] INFO OrderManagement.Services.LibraryServices.MoveNext[29] - The contents of the User DB is retrieved
2024-06-14 15:15:54,031 [1] INFO Program.<Main>$[18] - Application started.
2024-06-14 15:16:10,620 [5] DEBUG OrderManagement.Services.LibraryServices.MoveNext[27] - The user DB is null
2024-06-14 15:16:10,623 [5] INFO OrderManagement.Services.LibraryServices.MoveNext[29] - The contents of the User DB is retrieved
2024-06-14 15:17:06,289 [3] INFO OrderManagement.Services.LibraryServices.MoveNext[60] - User with email elizabathgigi@gmail.com or username Elizabath registered successfully.
2024-06-14 15:17:35,308 [20] INFO OrderManagement.Services.LibraryServices.MoveNext[29] - The contents of the User DB is retrieved
2024-06-14 15:53:40,358 [1] INFO Program.<Main>$[16] - Application started.
2024-06-14 15:54:00,130 [5] INFO OrderManagement.Services.LibraryServices.MoveNext[29] - The contents of the User DB is retrieved
2024-06-14 16:10:55,897 [15] INFO OrderManagement.Services.LibraryServices.MoveNext[29] - The contents of the User DB is retrieved
2024-06-14 16:11:46,898 [7] INFO OrderManagement.Services.LibraryServices.MoveNext[60] - User with email maria@gmail.com or username MariaSabi registered successfully.
2024-06-14 16:12:18,661 [3] INFO OrderManagement.Services.LibraryServices.MoveNext[74] - User with username MariaSabi login successfully.
2024-06-14 16:12:55,662 [19] INFO OrderManagement.Services.LibraryServices.MoveNext[90] - User with username MariaSabi reset password successfully.
2024-06-14 16:13:17,456 [5] DEBUG OrderManagement.Services.LibraryServices.MoveNext[70] - Unable to authenticate user MariaSabi
2024-06-14 16:13:40,789 [5] DEBUG OrderManagement.Services.LibraryServices.MoveNext[85] - Unable to authenticate user MariaSabi
2024-06-14 16:13:44,186 [22] DEBUG OrderManagement.Services.LibraryServices.MoveNext[85] - Unable to authenticate user MariaSabi
2024-06-14 16:14:09,033 [5] INFO OrderManagement.Services.LibraryServices.MoveNext[74] - User with username MariaSabi login successfully.
2024-06-14 16:14:34,156 [17] DEBUG OrderManagement.Services.LibraryServices.MoveNext[46] - User with email maria@gmail.com or username MariaSabi already exists.
2024-06-14 16:16:17,762 [5] INFO OrderManagement.Services.LibraryServices.MoveNext[29] - The contents of the User DB is retrieved
2024-06-18 11:03:00,262 [1] INFO Program.<Main>$[20] - Application started.
2024-06-18 11:08:03,383 [1] INFO Program.<Main>$[20] - Application started.
2024-06-18 11:08:59,937 [5] INFO OrderManagement.Services.LibraryServices.MoveNext[32] - The contents of the User DB is retrieved
2024-06-18 11:09:01,883 [5] INFO OrderManagement.Services.LibraryServices.MoveNext[32] - The contents of the User DB is retrieved
2024-06-18 11:09:57,688 [5] INFO OrderManagement.Services.LibraryServices.MoveNext[63] - User with email elizabath@gmail.com or username ElizabathGigi registered successfully.
2024-06-18 11:11:15,696 [7] INFO OrderManagement.Services.LibraryServices.MoveNext[78] - User with username Elizabath login successfully.
2024-06-18 11:12:32,031 [1] INFO Program.<Main>$[20] - Application started.
2024-06-18 11:13:06,812 [7] INFO OrderManagement.Services.LibraryServices.MoveNext[78] - User with username Elizabath login successfully.
2024-06-18 11:33:40,031 [1] INFO Program.<Main>$[20] - Application started.
2024-06-18 11:34:10,479 [5] INFO OrderManagement.Services.LibraryServices.MoveNext[78] - User with username Elizabath login successfully.
2024-06-18 11:34:40,839 [17] INFO OrderManagement.Services.LibraryServices.MoveNext[28] - The contents of the Library DB is retrieved
2024-06-18 11:35:08,288 [5] INFO OrderManagement.Services.LibraryServices.MoveNext[49] - The details of the book is added successfully to DB
2024-06-18 11:40:00,256 [1] INFO Program.<Main>$[20] - Application started.
2024-06-18 11:51:05,754 [1] INFO Program.<Main>$[20] - Application started.
2024-06-18 11:52:12,071 [5] INFO OrderManagement.Services.LibraryServices.MoveNext[78] - User with username Elizabath login successfully.
2024-06-19 15:33:16,126 [1] INFO Program.<Main>$[20] - Application started.
2024-06-19 15:40:20,539 [1] INFO Program.<Main>$[20] - Application started.
2024-06-19 15:44:35,818 [1] INFO Program.<Main>$[20] - Application started.
2024-06-19 15:46:31,991 [17] INFO OrderManagement.Services.LibraryServices.MoveNext[82] - User with username Elizabathgigi login successfully.
2024-06-19 15:49:09,329 [1] INFO Program.<Main>$[20] - Application started.
2024-06-19 15:49:55,965 [5] INFO OrderManagement.Services.LibraryServices.MoveNext[82] - User with username Elizabathgigi login successfully.
2024-06-19 15:57:06,478 [1] INFO Program.<Main>$[20] - Application started.
2024-06-19 15:58:12,248 [5] INFO OrderManagement.Services.LibraryServices.MoveNext[82] - User with username Elizabathgigi login successfully.
2024-06-19 16:01:09,113 [1] INFO Program.<Main>$[20] - Application started.
2024-06-19 16:01:42,663 [5] INFO OrderManagement.Services.LibraryServices.MoveNext[82] - User with username Elizabathgigi login successfully.
2024-06-19 16:04:08,093 [1] INFO Program.<Main>$[20] - Application started.
2024-06-19 16:07:18,768 [1] INFO Program.<Main>$[20] - Application started.
2024-06-19 16:08:50,110 [1] INFO Program.<Main>$[20] - Application started.
2024-06-19 16:12:26,318 [1] INFO Program.<Main>$[20] - Application started.
2024-06-19 16:13:39,776 [1] INFO Program.<Main>$[20] - Application started.
2024-06-19 16:27:48,691 [1] INFO Program.<Main>$[20] - Application started.
2024-06-19 16:32:09,840 [1] INFO Program.<Main>$[20] - Application started.
2024-06-19 16:33:36,203 [5] INFO OrderManagement.Services.LibraryServices.MoveNext[68] - The contents of the Library DB is retrieved
2024-06-19 16:36:19,742 [1] INFO Program.<Main>$[20] - Application started.
2024-06-19 16:38:50,589 [1] INFO Program.<Main>$[20] - Application started.
2024-06-19 17:16:33,415 [1] INFO Program.<Main>$[20] - Application started.
2024-06-19 17:22:13,958 [1] INFO Program.<Main>$[20] - Application started.
2024-06-19 17:22:43,179 [9] DEBUG OrderManagement.Services.LibraryServices.MoveNext[66] - Books added from library.csvand added to DB successfully.
2024-06-19 17:22:52,742 [9] INFO OrderManagement.Services.LibraryServices.MoveNext[76] - The contents of the Library DB is retrieved
